Connection established to port 12345
Message sent to port 12345: LIST
List operation started
Message received from port 12345: LIST
List operation successfully completed
Message sent to port 12345: STORE test2.txt 14
Store operation started for file test2.txt
Message received from port 12345: STORE_TO 54321
Controller replied to store test2.txt in these Dstores: 54321 
Connection established to port 54321
Message sent to port 54321: STORE test2.txt 14
Storing file test2.txt to Dstore 54321
Message received from port 54321: ACK
ACK received from Dstore 54321 to store file test2.txt
Store of file test2.txt to Dstore 54321 successfully completed
Message received from port 12345: STORE_COMPLETE
Store operation for file test2.txt completed
Message sent to port 12345: STORE test2.txt 14
Store operation started for file test2.txt
Message received from port 12345: ERROR_FILE_ALREADY_EXISTS
File to store test2.txt already exists in the data store
Message sent to port 12345: STORE file1.txt 16
Store operation started for file file1.txt
Message received from port 12345: STORE_TO 54321
Controller replied to store file1.txt in these Dstores: 54321 
Connection established to port 54321
Message sent to port 54321: STORE file1.txt 16
Storing file file1.txt to Dstore 54321
Message received from port 54321: ACK
ACK received from Dstore 54321 to store file file1.txt
Store of file file1.txt to Dstore 54321 successfully completed
Message received from port 12345: STORE_COMPLETE
Store operation for file file1.txt completed
Message sent to port 12345: LIST
List operation started
Message received from port 12345: LIST file1.txt test2.txt
List operation successfully completed
Message sent to port 12345: LOAD file1.txt
Load operation for file file1.txt started
Message received from port 12345: LOAD_FROM 54321 16
Controller replied to load file file1.txt (size: 16 bytes) from Dstore 54321
Connection established to port 54321
Message sent to port 54321: LOAD_DATA file1.txt
Loading file file1.txt from Dstore 54321
Load operation of file file1.txt from Dstore 54321 successfully completed
Message sent to port 12345: LOAD test2.txt
Load operation for file test2.txt started
Message received from port 12345: LOAD_FROM 54321 14
Controller replied to load file test2.txt (size: 14 bytes) from Dstore 54321
Connection established to port 54321
Message sent to port 54321: LOAD_DATA test2.txt
Loading file test2.txt from Dstore 54321
Load operation of file test2.txt from Dstore 54321 successfully completed
Message sent to port 12345: REMOVE file1.txt
Remove operation for file file1.txt started
Message received from port 12345: REMOVE_COMPLETE
Remove operation for file file1.txt successfully completed
Message sent to port 12345: REMOVE test2.txt
Remove operation for file test2.txt started
Message received from port 12345: REMOVE_COMPLETE
Remove operation for file test2.txt successfully completed
Message sent to port 12345: REMOVE file1.txt
Remove operation for file file1.txt started
Message received from port 12345: ERROR_FILE_DOES_NOT_EXIST
Remove operation failed because file does not exist (filename: file1.txt)
Message sent to port 12345: LIST
List operation started
Message received from port 12345: LIST
List operation successfully completed
